[2023-08-09 15:57:47.155 +01:00  INF]  Start installing Hangfire SQL objects...
[2023-08-09 15:57:49.182 +01:00  INF]  Hangfire SQL objects installed.
[2023-08-09 15:57:52.654 +01:00  INF]  starting DbSeeder
[2023-08-09 15:58:04.524 +01:00  INF]  starting SeedCurrency
[2023-08-09 15:58:04.766 +01:00  INF]  starting SeedControlAccounts
[2023-08-09 15:58:18.027 +01:00  INF]  Starting Hangfire Server using job storage: 'SQL Server: tcp:chevroncoop-sqlserver.database.windows.net,1433@chevroncoop-dev'
[2023-08-09 15:58:18.034 +01:00  INF]  Using the following options for SQL Server job storage: Queue poll interval: 00:00:00.
[2023-08-09 15:58:18.040 +01:00  INF]  Using the following options for Hangfire Server:
    Worker count: 20
    Listening queues: 'default'
    Shutdown timeout: 00:00:15
    Schedule polling interval: 00:00:15
[2023-08-09 15:58:18.067 +01:00  DBG]  Execution loop BackgroundServerProcess:742833bd has started in 11.8877 ms
[2023-08-09 15:58:18.264 +01:00  INF]  Server desktop-isgm4la:19164:3e389770 successfully announced in 181.8515 ms
[2023-08-09 15:58:18.276 +01:00  DBG]  Execution loop ServerHeartbeatProcess:48f299ee has started in 5.8853 ms
[2023-08-09 15:58:18.276 +01:00  INF]  Server desktop-isgm4la:19164:3e389770 is starting the registered dispatchers: ServerWatchdog, ServerJobCancellationWatcher, ExpirationManager, CountersAggregator, SqlServerHeartbeatProcess, Worker, DelayedJobScheduler, RecurringJobScheduler...
[2023-08-09 15:58:18.293 +01:00  DBG]  Execution loop ServerWatchdog:81eca687 has started in 5.2827 ms
[2023-08-09 15:58:18.300 +01:00  DBG]  Execution loop ServerJobCancellationWatcher:4b7ad06b has started in 11.7647 ms
[2023-08-09 15:58:18.310 +01:00  DBG]  Execution loop ExpirationManager:65bfbccb has started in 13.3307 ms
[2023-08-09 15:58:18.320 +01:00  DBG]  Execution loop CountersAggregator:b761cc28 has started in 16.0163 ms
[2023-08-09 15:58:18.329 +01:00  DBG]  Execution loop SqlServerHeartbeatProcess:47883b32 has started in 14.7056 ms
[2023-08-09 15:58:18.334 +01:00  DBG]  Aggregating records in 'Counter' table...
[2023-08-09 15:58:18.334 +01:00  DBG]  Removing outdated records from the 'AggregatedCounter' table...
[2023-08-09 15:58:18.347 +01:00  DBG]  Execution loop Worker:33b05f3e has started in 24.0583 ms
[2023-08-09 15:58:18.358 +01:00  DBG]  Execution loop Worker:d8ae1deb has started in 35.1865 ms
[2023-08-09 15:58:18.366 +01:00  DBG]  Execution loop Worker:6977bc6d has started in 42.532 ms
[2023-08-09 15:58:18.375 +01:00  DBG]  Execution loop Worker:72a985cf has started in 51.7675 ms
[2023-08-09 15:58:18.383 +01:00  DBG]  Execution loop Worker:d6cfa86b has started in 58.2367 ms
[2023-08-09 15:58:18.391 +01:00  DBG]  Execution loop Worker:e4783b46 has started in 67.8325 ms
[2023-08-09 15:58:18.396 +01:00  DBG]  Execution loop Worker:06452647 has started in 73.2361 ms
[2023-08-09 15:58:18.408 +01:00  DBG]  Execution loop Worker:dc0dedf6 has started in 84.601 ms
[2023-08-09 15:58:18.419 +01:00  DBG]  Execution loop Worker:fb0d38dc has started in 95.4759 ms
[2023-08-09 15:58:18.424 +01:00  DBG]  Execution loop Worker:83d9f834 has started in 100.4 ms
[2023-08-09 15:58:18.431 +01:00  DBG]  Execution loop Worker:668790fa has started in 108.2612 ms
[2023-08-09 15:58:18.440 +01:00  DBG]  Execution loop Worker:a31359e9 has started in 117.2013 ms
[2023-08-09 15:58:18.455 +01:00  DBG]  Execution loop Worker:060b2a86 has started in 132.3132 ms
[2023-08-09 15:58:18.466 +01:00  DBG]  Execution loop Worker:bb9c4528 has started in 142.8098 ms
[2023-08-09 15:58:18.476 +01:00  INF]  1 servers were removed due to timeout
[2023-08-09 15:58:18.484 +01:00  DBG]  Execution loop Worker:1af25229 has started in 161.0081 ms
[2023-08-09 15:58:18.489 +01:00  DBG]  Execution loop Worker:55262760 has started in 165.9857 ms
[2023-08-09 15:58:18.496 +01:00  DBG]  Execution loop Worker:ba911756 has started in 173.0564 ms
[2023-08-09 15:58:18.502 +01:00  DBG]  Execution loop Worker:3887ef78 has started in 178.5449 ms
[2023-08-09 15:58:18.510 +01:00  DBG]  Execution loop Worker:76766e12 has started in 186.4484 ms
[2023-08-09 15:58:18.526 +01:00  INF]  Server desktop-isgm4la:19164:3e389770 all the dispatchers started
[2023-08-09 15:58:18.514 +01:00  DBG]  Execution loop Worker:88628a75 has started in 191.0857 ms
[2023-08-09 15:58:18.527 +01:00  DBG]  Execution loop DelayedJobScheduler:14cf463e has started in 22.9439 ms
[2023-08-09 15:58:18.532 +01:00  DBG]  Execution loop RecurringJobScheduler:20a29049 has started in 12.6456 ms
[2023-08-09 15:58:18.983 +01:00  DBG]  Removing outdated records from the 'Job' table...
[2023-08-09 15:58:22.635 +01:00  DBG]  Removing outdated records from the 'List' table...
[2023-08-09 15:58:23.045 +01:00  DBG]  Removing outdated records from the 'Set' table...
[2023-08-09 15:58:23.457 +01:00  DBG]  Removing outdated records from the 'Hash' table...
[2023-08-09 15:58:27.960 +01:00  DBG]  7 recurring job(s) processed by scheduler.
[2023-08-09 15:58:28.586 +01:00  INF]  {"EntityFrameworkEvent":{"Database":"chevroncoop-dev","ConnectionId":"adb37056-0603-4e74-a4ab-8d362aee49ef","ContextId":"f124dcdd-467a-408e-a433-b47dddb90afb:0","Entries":[{"Schema":"Payroll","Table":"PayrollDeductionSchedule","Name":"PayrollDeductionSchedule","PrimaryKey":{"Id":"01H7DCWT7C6571Z7HW9PA79ZJK"},"Action":"Insert","ColumnValues":{"Id":"01H7DCWT7C6571Z7HW9PA79ZJK","AdviseDate":"2023-08-09T00:00:00+01:00","BankAccountId":null,"Caption":null,"CreatedByUserId":null,"DateCreated":"2023-08-09T15:58:27.6922311+01:00","DateDeleted":null,"DateUpdated":"2023-08-09T15:58:27.6922351+01:00","DeductionsCount":0,"DeletedByUserId":null,"Description":null,"ExpectedDate":"2023-08-09T00:00:00+01:00","FixedDepositBankAccountId":null,"FullText":null,"GenerateDeductionCronJobCompletedDate":null,"GenerateDeductionCronJobStartedDate":null,"GenerateDeductionCronJobStatus":0,"IsActive":false,"IsDeleted":false,"IsPosted":false,"IsProcessed":false,"IsUploaded":false,"LastUploadedDate":"2023-08-09T00:00:00+01:00","MaxDecimalPlace":0,"MinDecimalPlace":0,"PayrollDate":"2023-08-09T00:00:00+01:00","ProcessDeductionCronJobCompletedDate":null,"ProcessDeductionCronJobStartedDate":null,"ProcessDeductionCronJobStatus":0,"ProcessedDate":"2023-08-09T00:00:00+01:00","RowVersion":"ceda8901-ec68-8bbe-e8d7-7e710a860ff9","ScheduleName":"Daily FD Interest Computation for 09-08-02023 03:PM","ScheduleType":2,"SpecialDepositBankAccountId":null,"Tags":null,"TotalDeductions":0,"UpdatedByUserId":null},"Valid":true},{"Schema":"Payroll","Table":"PayrollCronJobConfig","Name":"PayrollCronJobConfig","PrimaryKey":{"Id":"01H7DCWTAHJK563R0TRKWHMZM7"},"Action":"Insert","ColumnValues":{"Id":"01H7DCWTAHJK563R0TRKWHMZM7","Caption":null,"ComputationEndDate":"0001-01-01T00:00:00","ComputationStartDate":"2023-08-09T15:58:27.7934007+01:00","CreatedByUserId":null,"CronJobType":8,"DateCreated":"2023-08-09T15:58:27.7932231+01:00","DateDeleted":null,"DateUpdated":"2023-08-09T15:58:27.7932263+01:00","DeductionScheduleId":"01H7DCWT7C6571Z7HW9PA79ZJK","DeletedByUserId":null,"Description":"FIXED DEPOSIT DAILY INTEREST8/9/2023 12:00:00 AM","FullText":null,"IsActive":true,"IsDeleted":false,"JobDate":"2023-08-09T00:00:00+01:00","JobName":"Daily FD Interest Computation for 09-08-02023 03:PM","JobStatus":1,"RecordsProcessed":0,"RowVersion":"ceda8901-5169-558e-25e2-b5684513c53c","Tags":null,"TotalAmount":0,"TotalCount":0,"UpdatedByUserId":null},"Valid":true}],"Result":2,"Success":true},"EventType":"ChevronCoopDbContext","Environment":{"UserName":"Nedum","MachineName":"DESKTOP-ISGM4LA","DomainName":"DESKTOP-ISGM4LA","CallingMethodName":"Audit.EntityFramework.DbContextHelper\u002B\u003CCreateAuditScopeAsync\u003Ed__31.MoveNext()","AssemblyName":"Audit.EntityFramework.Core, Version=21.0.1.0, Culture=neutral, PublicKeyToken=571d6b80b242c87e","Culture":"en-US"},"StartDate":"2023-08-09T14:58:27.9225656Z","EndDate":"2023-08-09T14:58:28.5101035Z","Duration":588}
[2023-08-09 15:58:28.621 +01:00  ERR]  {"EntityFrameworkEvent":{"Database":"chevroncoop-dev","ConnectionId":"f39c309e-b9df-47bb-b321-f276d6517188","ContextId":"43000a25-bea8-427c-ada5-33ec7ef3bd0b:0","Entries":[{"Schema":"Payroll","Table":"PayrollDeductionSchedule","Name":"PayrollDeductionSchedule","PrimaryKey":{"Id":"01H7DCWTJNZJHXAK2EQ6C1RF1N"},"Action":"Insert","ColumnValues":{"Id":"01H7DCWTJNZJHXAK2EQ6C1RF1N","AdviseDate":"2023-08-09T00:00:00+01:00","BankAccountId":null,"Caption":null,"CreatedByUserId":null,"DateCreated":"2023-08-09T15:58:28.0534944+01:00","DateDeleted":null,"DateUpdated":"2023-08-09T15:58:28.053497+01:00","DeductionsCount":0,"DeletedByUserId":null,"Description":null,"ExpectedDate":"2023-08-09T00:00:00+01:00","FixedDepositBankAccountId":null,"FullText":null,"GenerateDeductionCronJobCompletedDate":null,"GenerateDeductionCronJobStartedDate":null,"GenerateDeductionCronJobStatus":0,"IsActive":false,"IsDeleted":false,"IsPosted":false,"IsProcessed":false,"IsUploaded":false,"LastUploadedDate":"2023-08-09T00:00:00+01:00","MaxDecimalPlace":0,"MinDecimalPlace":0,"PayrollDate":"2023-08-09T00:00:00+01:00","ProcessDeductionCronJobCompletedDate":null,"ProcessDeductionCronJobStartedDate":null,"ProcessDeductionCronJobStatus":0,"ProcessedDate":"2023-08-09T00:00:00+01:00","RowVersion":"ceda8901-556a-5cd8-0239-9e37c2b67f31","ScheduleName":"SD Daily Interest Computation.","ScheduleType":2,"SpecialDepositBankAccountId":null,"Tags":null,"TotalDeductions":0,"UpdatedByUserId":null},"Valid":true},{"Schema":"Payroll","Table":"PayrollCronJobConfig","Name":"PayrollCronJobConfig","PrimaryKey":{"Id":"01H7DCWTJNQ36GFRMCYE7SVN1P"},"Action":"Insert","ColumnValues":{"Id":"01H7DCWTJNQ36GFRMCYE7SVN1P","Caption":null,"ComputationEndDate":"2023-08-31T23:59:59.9999999","ComputationStartDate":"2023-08-01T00:00:00","CreatedByUserId":null,"CronJobType":9,"DateCreated":"2023-08-09T15:58:28.0537378+01:00","DateDeleted":null,"DateUpdated":"2023-08-09T15:58:28.0537385+01:00","DeductionScheduleId":"01H7DCWTJNZJHXAK2EQ6C1RF1N","DeletedByUserId":null,"Description":"SPECIAL DEPOSIT DAILY INTEREST 8/9/2023 12:00:00 AM","FullText":null,"IsActive":true,"IsDeleted":false,"JobDate":"2023-08-09T00:00:00+01:00","JobName":"Daily SD Interest Computation.","JobStatus":1,"RecordsProcessed":0,"RowVersion":"ceda8901-556a-8bf5-855a-a693a87dd77e","Tags":null,"TotalAmount":0,"TotalCount":0,"UpdatedByUserId":null},"Valid":true},{"Schema":"Deposits","Table":"SpecialDepositInterestSchedule","Name":"SpecialDepositInterestSchedule","PrimaryKey":{"Id":"01H7DCWTJSRT65J4Y1RKDEM3X2"},"Action":"Insert","ColumnValues":{"Id":"01H7DCWTJSRT65J4Y1RKDEM3X2","Caption":null,"CreatedByUserId":null,"CronJobConfigId":"01H7DCWTJNQ36GFRMCYE7SVN1P","DateCreated":"2023-08-09T15:58:28.0572281+01:00","DateDeleted":null,"DateUpdated":"2023-08-09T15:58:28.0572312+01:00","DeletedByUserId":null,"Description":"SD Interest Computation Schedule(Daily SD Interest Computation.)- Processing Date - Wednesday, 09 August 2023","EndDate":"2023-08-31T23:59:59.9999999","FullText":null,"IsActive":true,"IsDeleted":false,"IsProcessed":false,"ProcessedDate":"2023-08-09T00:00:00+01:00","RowVersion":"ceda8901-596a-c457-cf1c-14493dc6c63d","ScheduleName":"Daily SD Interest Computation.","StartDate":"2023-08-09T15:58:27.6121903+01:00","Tags":null,"UpdatedByUserId":null},"Valid":true}],"Result":0,"Success":false,"ErrorMessage":"Microsoft.EntityFrameworkCore.DbUpdateException: An error occurred while saving the entity changes. See the inner exception for details.\r\n ---\u003E Microsoft.Data.SqlClient.SqlException (0x80131904): Cannot insert duplicate key row in object \u0027Payroll.PayrollDeductionSchedule\u0027 with unique index \u0027IX_PayrollDeductionSchedule_ScheduleName\u0027. The duplicate key value is (SD Daily Interest Computation.).\r\n   at Microsoft.Data.SqlClient.SqlConnection.OnError(SqlException exception, Boolean breakConnection, Action\u00601 wrapCloseInAction)\r\n   at Microsoft.Data.SqlClient.SqlInternalConnection.OnError(SqlException exception, Boolean breakConnection, Action\u00601 wrapCloseInAction)\r\n   at Microsoft.Data.SqlClient.TdsParser.ThrowExceptionAndWarning(TdsParserStateObject stateObj, Boolean callerHasConnectionLock, Boolean asyncClose)\r\n   at Microsoft.Data.SqlClient.TdsParser.TryRun(RunBehavior runBehavior, SqlCommand cmdHandler, SqlDataReader dataStream, BulkCopySimpleResultSet bulkCopyHandler, TdsParserStateObject stateObj, Boolean\u0026 dataReady)\r\n   at Microsoft.Data.SqlClient.SqlDataReader.TryHasMoreRows(Boolean\u0026 moreRows)\r\n   at Microsoft.Data.SqlClient.SqlDataReader.TryReadInternal(Boolean setTimeout, Boolean\u0026 more)\r\n   at Microsoft.Data.SqlClient.SqlDataReader.ReadAsyncExecute(Task task, Object state)\r\n   at Microsoft.Data.SqlClient.SqlDataReader.InvokeAsyncCall[T](SqlDataReaderAsyncCallContext\u00601 context)\r\n--- End of stack trace from previous location ---\r\n   at Microsoft.EntityFrameworkCore.Update.AffectedCountModificationCommandBatch.ConsumeResultSetAsync(Int32 startCommandIndex, RelationalDataReader reader, CancellationToken cancellationToken)\r\n   at Microsoft.EntityFrameworkCore.Update.AffectedCountModificationCommandBatch.ConsumeAsync(RelationalDataReader reader, CancellationToken cancellationToken)\r\nClientConnectionId:f39c309e-b9df-47bb-b321-f276d6517188\r\nError Number:2601,State:1,Class:14\r\n   --- End of inner exception stack trace ---\r\n   at Microsoft.EntityFrameworkCore.Update.AffectedCountModificationCommandBatch.ConsumeAsync(RelationalDataReader reader, CancellationToken cancellationToken)\r\n   at Microsoft.EntityFrameworkCore.Update.ReaderModificationCommandBatch.ExecuteAsync(IRelationalConnection connection, CancellationToken cancellationToken)\r\n   at Microsoft.EntityFrameworkCore.Update.ReaderModificationCommandBatch.ExecuteAsync(IRelationalConnection connection, CancellationToken cancellationToken)\r\n   at Microsoft.EntityFrameworkCore.SqlServer.Update.Internal.SqlServerModificationCommandBatch.ExecuteAsync(IRelationalConnection connection, CancellationToken cancellationToken)\r\n   at Microsoft.EntityFrameworkCore.Update.Internal.BatchExecutor.ExecuteAsync(IEnumerable\u00601 commandBatches, IRelationalConnection connection, CancellationToken cancellationToken)\r\n   at Microsoft.EntityFrameworkCore.Update.Internal.BatchExecutor.ExecuteAsync(IEnumerable\u00601 commandBatches, IRelationalConnection connection, CancellationToken cancellationToken)\r\n   at Microsoft.EntityFrameworkCore.Update.Internal.BatchExecutor.ExecuteAsync(IEnumerable\u00601 commandBatches, IRelationalConnection connection, CancellationToken cancellationToken)\r\n   at Microsoft.EntityFrameworkCore.ChangeTracking.Internal.StateManager.SaveChangesAsync(IList\u00601 entriesToSave, CancellationToken cancellationToken)\r\n   at Microsoft.EntityFrameworkCore.ChangeTracking.Internal.StateManager.SaveChangesAsync(StateManager stateManager, Boolean acceptAllChangesOnSuccess, CancellationToken cancellationToken)\r\n   at Microsoft.EntityFrameworkCore.SqlServer.Storage.Internal.SqlServerExecutionStrategy.ExecuteAsync[TState,TResult](TState state, Func\u00604 operation, Func\u00604 verifySucceeded, CancellationToken cancellationToken)\r\n   at Microsoft.EntityFrameworkCore.DbContext.SaveChangesAsync(Boolean acceptAllChangesOnSuccess, CancellationToken cancellationToken)\r\n   at Microsoft.EntityFrameworkCore.DbContext.SaveChangesAsync(Boolean acceptAllChangesOnSuccess, CancellationToken cancellationToken)\r\n   at Audit.EntityFramework.DbContextHelper.SaveChangesGetAuditAsyncImpl(IAuditDbContext context, Func\u00601 baseSaveChanges, CancellationToken cancellationToken)"},"EventType":"ChevronCoopDbContext","Environment":{"UserName":"Nedum","MachineName":"DESKTOP-ISGM4LA","DomainName":"DESKTOP-ISGM4LA","CallingMethodName":"Audit.EntityFramework.DbContextHelper\u002B\u003CCreateAuditScopeAsync\u003Ed__31.MoveNext()","AssemblyName":"Audit.EntityFramework.Core, Version=21.0.1.0, Culture=neutral, PublicKeyToken=571d6b80b242c87e","Exception":"COMException: 0xE0434352","Culture":"en-US"},"StartDate":"2023-08-09T14:58:28.1239243Z","EndDate":"2023-08-09T14:58:28.6203134Z","Duration":496}
[2023-08-09 15:58:29.064 +01:00  INF]  {"EntityFrameworkEvent":{"Database":"chevroncoop-dev","ConnectionId":"f39c309e-b9df-47bb-b321-f276d6517188","ContextId":"f124dcdd-467a-408e-a433-b47dddb90afb:0","Entries":[{"Schema":"Deposits","Table":"FixedDepositInterestSchedule","Name":"FixedDepositInterestSchedule","PrimaryKey":{"Id":"01H7DCWV9X6DBTHQ2NTTF2M9MW"},"Action":"Insert","ColumnValues":{"Id":"01H7DCWV9X6DBTHQ2NTTF2M9MW","Caption":null,"CreatedByUserId":null,"CronJobConfigId":"01H7DCWTAHJK563R0TRKWHMZM7","DateCreated":"2023-08-09T15:58:28.7970088+01:00","DateDeleted":null,"DateUpdated":"2023-08-09T15:58:28.7970144+01:00","DeletedByUserId":null,"Description":"Fd Interest Computation Schedule(Daily FD Interest Computation for 09-08-02023 03:PM)- Processing Date - Wednesday, 09 August 2023","EndDate":"0001-01-01T00:00:00","FullText":null,"IsActive":true,"IsDeleted":false,"IsProcessed":false,"ProcessedDate":"2023-08-09T00:00:00+01:00","RowVersion":"ceda8901-3d6d-13e7-5070-de9a6c4e8e41","ScheduleName":"Daily FD Interest Computation for 09-08-02023 03:PM","StartDate":"2023-08-09T15:58:28.8250172+01:00","Tags":null,"UpdatedByUserId":null},"Valid":true}],"Result":1,"Success":true},"EventType":"ChevronCoopDbContext","Environment":{"UserName":"Nedum","MachineName":"DESKTOP-ISGM4LA","DomainName":"DESKTOP-ISGM4LA","CallingMethodName":"Audit.EntityFramework.DbContextHelper\u002B\u003CCreateAuditScopeAsync\u003Ed__31.MoveNext()","AssemblyName":"Audit.EntityFramework.Core, Version=21.0.1.0, Culture=neutral, PublicKeyToken=571d6b80b242c87e","Culture":"en-US"},"StartDate":"2023-08-09T14:58:28.9089478Z","EndDate":"2023-08-09T14:58:29.0634484Z","Duration":155}
[2023-08-09 15:58:29.247 +01:00  WRN]  Failed to process the job '1001': an exception occurred. Retry attempt 1 of 10 will be performed in 00:00:31.
Microsoft.EntityFrameworkCore.DbUpdateException: An error occurred while saving the entity changes. See the inner exception for details.
 ---> Microsoft.Data.SqlClient.SqlException (0x80131904): Cannot insert duplicate key row in object 'Payroll.PayrollDeductionSchedule' with unique index 'IX_PayrollDeductionSchedule_ScheduleName'. The duplicate key value is (SD Daily Interest Computation.).
   at Microsoft.Data.SqlClient.SqlConnection.OnError(SqlException exception, Boolean breakConnection, Action`1 wrapCloseInAction)
   at Microsoft.Data.SqlClient.SqlInternalConnection.OnError(SqlException exception, Boolean breakConnection, Action`1 wrapCloseInAction)
   at Microsoft.Data.SqlClient.TdsParser.ThrowExceptionAndWarning(TdsParserStateObject stateObj, Boolean callerHasConnectionLock, Boolean asyncClose)
   at Microsoft.Data.SqlClient.TdsParser.TryRun(RunBehavior runBehavior, SqlCommand cmdHandler, SqlDataReader dataStream, BulkCopySimpleResultSet bulkCopyHandler, TdsParserStateObject stateObj, Boolean& dataReady)
   at Microsoft.Data.SqlClient.SqlDataReader.TryHasMoreRows(Boolean& moreRows)
   at Microsoft.Data.SqlClient.SqlDataReader.TryReadInternal(Boolean setTimeout, Boolean& more)
   at Microsoft.Data.SqlClient.SqlDataReader.ReadAsyncExecute(Task task, Object state)
   at Microsoft.Data.SqlClient.SqlDataReader.InvokeAsyncCall[T](SqlDataReaderAsyncCallContext`1 context)
--- End of stack trace from previous location ---
   at Microsoft.EntityFrameworkCore.Update.AffectedCountModificationCommandBatch.ConsumeResultSetAsync(Int32 startCommandIndex, RelationalDataReader reader, CancellationToken cancellationToken)
   at Microsoft.EntityFrameworkCore.Update.AffectedCountModificationCommandBatch.ConsumeAsync(RelationalDataReader reader, CancellationToken cancellationToken)
ClientConnectionId:f39c309e-b9df-47bb-b321-f276d6517188
Error Number:2601,State:1,Class:14
   --- End of inner exception stack trace ---
   at Microsoft.EntityFrameworkCore.Update.AffectedCountModificationCommandBatch.ConsumeAsync(RelationalDataReader reader, CancellationToken cancellationToken)
   at Microsoft.EntityFrameworkCore.Update.ReaderModificationCommandBatch.ExecuteAsync(IRelationalConnection connection, CancellationToken cancellationToken)
   at Microsoft.EntityFrameworkCore.Update.ReaderModificationCommandBatch.ExecuteAsync(IRelationalConnection connection, CancellationToken cancellationToken)
   at Microsoft.EntityFrameworkCore.SqlServer.Update.Internal.SqlServerModificationCommandBatch.ExecuteAsync(IRelationalConnection connection, CancellationToken cancellationToken)
   at Microsoft.EntityFrameworkCore.Update.Internal.BatchExecutor.ExecuteAsync(IEnumerable`1 commandBatches, IRelationalConnection connection, CancellationToken cancellationToken)
   at Microsoft.EntityFrameworkCore.Update.Internal.BatchExecutor.ExecuteAsync(IEnumerable`1 commandBatches, IRelationalConnection connection, CancellationToken cancellationToken)
   at Microsoft.EntityFrameworkCore.Update.Internal.BatchExecutor.ExecuteAsync(IEnumerable`1 commandBatches, IRelationalConnection connection, CancellationToken cancellationToken)
   at Microsoft.EntityFrameworkCore.ChangeTracking.Internal.StateManager.SaveChangesAsync(IList`1 entriesToSave, CancellationToken cancellationToken)
   at Microsoft.EntityFrameworkCore.ChangeTracking.Internal.StateManager.SaveChangesAsync(StateManager stateManager, Boolean acceptAllChangesOnSuccess, CancellationToken cancellationToken)
   at Microsoft.EntityFrameworkCore.SqlServer.Storage.Internal.SqlServerExecutionStrategy.ExecuteAsync[TState,TResult](TState state, Func`4 operation, Func`4 verifySucceeded, CancellationToken cancellationToken)
   at Microsoft.EntityFrameworkCore.DbContext.SaveChangesAsync(Boolean acceptAllChangesOnSuccess, CancellationToken cancellationToken)
   at Microsoft.EntityFrameworkCore.DbContext.SaveChangesAsync(Boolean acceptAllChangesOnSuccess, CancellationToken cancellationToken)
   at Audit.EntityFramework.DbContextHelper.SaveChangesGetAuditAsyncImpl(IAuditDbContext context, Func`1 baseSaveChanges, CancellationToken cancellationToken)
   at Audit.EntityFramework.DbContextHelper.SaveChangesGetAuditAsyncImpl(IAuditDbContext context, Func`1 baseSaveChanges, CancellationToken cancellationToken)
   at Audit.EntityFramework.DbContextHelper.SaveChangesAsync(IAuditDbContext context, Func`1 baseSaveChanges, CancellationToken cancellationToken)
   at Audit.EntityFramework.AuditIdentityDbContext`8.SaveChangesAsync(CancellationToken cancellationToken)
   at AP.ChevronCoop.AppCore.Services.BackgroundServices.SDDailyInterestComputationService.ComputeSpecialDepositDailyInterests() in C:\Projects\AP\Repos\ChevronCoopDotnetCore\ChevronCoopDotnetCore\AP.ChevronCoop.AppCore\Services\BackgroundServices\SDDailyInterestComputationService.cs:line 108
   at InvokeStub_TaskAwaiter.GetResult(Object, Object, IntPtr*)
   at System.Reflection.MethodInvoker.Invoke(Object obj, IntPtr* args, BindingFlags invokeAttr)
[2023-08-09 15:58:31.455 +01:00  DBG]  3 recurring job(s) processed by scheduler.
[2023-08-09 16:00:53.248 +01:00  INF]  Start installing Hangfire SQL objects...
[2023-08-09 16:00:55.034 +01:00  INF]  Hangfire SQL objects installed.
[2023-08-09 16:00:58.413 +01:00  INF]  starting DbSeeder
[2023-08-09 16:01:08.558 +01:00  INF]  starting SeedCurrency
[2023-08-09 16:01:08.735 +01:00  INF]  starting SeedControlAccounts
[2023-08-09 16:01:22.073 +01:00  INF]  Starting Hangfire Server using job storage: 'SQL Server: tcp:chevroncoop-sqlserver.database.windows.net,1433@chevroncoop-dev'
[2023-08-09 16:01:22.078 +01:00  INF]  Using the following options for SQL Server job storage: Queue poll interval: 00:00:00.
[2023-08-09 16:01:22.084 +01:00  INF]  Using the following options for Hangfire Server:
    Worker count: 20
    Listening queues: 'default'
    Shutdown timeout: 00:00:15
    Schedule polling interval: 00:00:15
[2023-08-09 16:01:22.122 +01:00  DBG]  Execution loop BackgroundServerProcess:d784b192 has started in 12.9407 ms
[2023-08-09 16:01:22.292 +01:00  INF]  Server desktop-isgm4la:6120:c52eefea successfully announced in 159.1161 ms
[2023-08-09 16:01:22.307 +01:00  DBG]  Execution loop ServerHeartbeatProcess:0e2b6b2d has started in 7.4284 ms
[2023-08-09 16:01:22.309 +01:00  INF]  Server desktop-isgm4la:6120:c52eefea is starting the registered dispatchers: ServerWatchdog, ServerJobCancellationWatcher, ExpirationManager, CountersAggregator, SqlServerHeartbeatProcess, Worker, DelayedJobScheduler, RecurringJobScheduler...
[2023-08-09 16:01:22.330 +01:00  DBG]  Execution loop ServerWatchdog:089af498 has started in 7.3059 ms
[2023-08-09 16:01:22.350 +01:00  DBG]  Execution loop ServerJobCancellationWatcher:e8841944 has started in 23.7786 ms
[2023-08-09 16:01:22.367 +01:00  DBG]  Execution loop ExpirationManager:dedf2da5 has started in 17.8088 ms
[2023-08-09 16:01:22.389 +01:00  DBG]  Execution loop SqlServerHeartbeatProcess:b7178c80 has started in 9.4731 ms
[2023-08-09 16:01:22.391 +01:00  DBG]  Removing outdated records from the 'AggregatedCounter' table...
[2023-08-09 16:01:22.391 +01:00  DBG]  Execution loop CountersAggregator:1a9ee9ff has started in 36.0454 ms
[2023-08-09 16:01:22.410 +01:00  DBG]  Execution loop Worker:ca9fc5a5 has started in 28.3091 ms
[2023-08-09 16:01:22.445 +01:00  DBG]  Execution loop Worker:e1fc0178 has started in 63.628 ms
[2023-08-09 16:01:22.454 +01:00  DBG]  Aggregating records in 'Counter' table...
[2023-08-09 16:01:22.495 +01:00  DBG]  Execution loop Worker:74c2d26a has started in 113.458 ms
[2023-08-09 16:01:22.495 +01:00  DBG]  Execution loop Worker:81701bbb has started in 113.4415 ms
[2023-08-09 16:01:22.512 +01:00  DBG]  Execution loop Worker:407ca3a0 has started in 129.7944 ms
[2023-08-09 16:01:22.527 +01:00  DBG]  Execution loop Worker:083f15ba has started in 144.7626 ms
[2023-08-09 16:01:22.553 +01:00  DBG]  Execution loop Worker:d039d0fa has started in 171.5656 ms
[2023-08-09 16:01:22.553 +01:00  DBG]  Execution loop Worker:59f5d421 has started in 171.5811 ms
[2023-08-09 16:01:22.561 +01:00  DBG]  Execution loop Worker:50d5f10b has started in 179.0067 ms
[2023-08-09 16:01:22.585 +01:00  DBG]  Execution loop Worker:08c275ab has started in 202.9481 ms
[2023-08-09 16:01:22.594 +01:00  DBG]  Execution loop Worker:d5128b19 has started in 211.7718 ms
[2023-08-09 16:01:22.612 +01:00  DBG]  Execution loop Worker:c8afac81 has started in 230.4204 ms
[2023-08-09 16:01:22.619 +01:00  DBG]  Execution loop Worker:080a9d3d has started in 237.4636 ms
[2023-08-09 16:01:22.634 +01:00  DBG]  Execution loop Worker:bd965152 has started in 252.6856 ms
[2023-08-09 16:01:22.641 +01:00  DBG]  Execution loop Worker:c0d791ee has started in 259.207 ms
[2023-08-09 16:01:22.664 +01:00  DBG]  Execution loop Worker:11eb21eb has started in 282.3339 ms
[2023-08-09 16:01:22.679 +01:00  DBG]  Execution loop Worker:889f7a6f has started in 297.2209 ms
[2023-08-09 16:01:22.685 +01:00  DBG]  Execution loop Worker:3563fe1d has started in 303.5737 ms
[2023-08-09 16:01:22.700 +01:00  DBG]  Execution loop Worker:de646c80 has started in 318.5408 ms
[2023-08-09 16:01:22.722 +01:00  DBG]  Execution loop Worker:fc4065e5 has started in 339.9753 ms
[2023-08-09 16:01:22.744 +01:00  DBG]  Execution loop DelayedJobScheduler:2aef8e98 has started in 28.7465 ms
[2023-08-09 16:01:22.748 +01:00  INF]  Server desktop-isgm4la:6120:c52eefea all the dispatchers started
[2023-08-09 16:01:22.754 +01:00  DBG]  Execution loop RecurringJobScheduler:0c19cda4 has started in 20.6139 ms
[2023-08-09 16:01:23.892 +01:00  DBG]  Removing outdated records from the 'Job' table...
[2023-08-09 16:01:25.036 +01:00  DBG]  Removing outdated records from the 'List' table...
[2023-08-09 16:01:25.441 +01:00  DBG]  Removing outdated records from the 'Set' table...
[2023-08-09 16:01:25.841 +01:00  DBG]  Removing outdated records from the 'Hash' table...
[2023-08-09 16:01:26.353 +01:00  DBG]  1 scheduled job(s) processed by scheduler.
[2023-08-09 16:01:29.275 +01:00  DBG]  4 recurring job(s) processed by scheduler.
[2023-08-09 16:01:29.808 +01:00  INF]  {"EntityFrameworkEvent":{"Database":"chevroncoop-dev","ConnectionId":"11ec5413-c352-46aa-aef8-c501df2a818f","ContextId":"5fd4d639-cf1c-447b-8a59-8ada382ba21b:0","Entries":[{"Schema":"Payroll","Table":"PayrollCronJobConfig","Name":"PayrollCronJobConfig","PrimaryKey":{"Id":"01H7DD2B26YYZY2Q2NT2PCP4M1"},"Action":"Insert","ColumnValues":{"Id":"01H7DD2B26YYZY2Q2NT2PCP4M1","Caption":null,"ComputationEndDate":"2023-08-31T23:59:59.9999999","ComputationStartDate":"2023-08-01T00:00:00","CreatedByUserId":null,"CronJobType":9,"DateCreated":"2023-08-09T16:01:28.7744945+01:00","DateDeleted":null,"DateUpdated":"2023-08-09T16:01:28.7744989+01:00","DeductionScheduleId":"01H7DCWT7C6571Z7HW9PA79ZJK","DeletedByUserId":null,"Description":"SPECIAL DEPOSIT DAILY INTEREST 8/9/2023 12:00:00 AM","FullText":null,"IsActive":true,"IsDeleted":false,"JobDate":"2023-08-09T00:00:00","JobName":"Daily SD Interest Computation.","JobStatus":1,"RecordsProcessed":0,"RowVersion":"d1da8901-462c-3655-7d43-c2825c49b0f9","Tags":null,"TotalAmount":0,"TotalCount":0,"UpdatedByUserId":null},"Valid":true},{"Schema":"Deposits","Table":"SpecialDepositInterestSchedule","Name":"SpecialDepositInterestSchedule","PrimaryKey":{"Id":"01H7DD2B69GCP7717PR9SJGWCM"},"Action":"Insert","ColumnValues":{"Id":"01H7DD2B69GCP7717PR9SJGWCM","Caption":null,"CreatedByUserId":null,"CronJobConfigId":"01H7DD2B26YYZY2Q2NT2PCP4M1","DateCreated":"2023-08-09T16:01:28.9054602+01:00","DateDeleted":null,"DateUpdated":"2023-08-09T16:01:28.9054646+01:00","DeletedByUserId":null,"Description":"SD Interest Computation Schedule(Daily SD Interest Computation.)- Processing Date - Wednesday, 09 August 2023","EndDate":"2023-08-31T23:59:59.9999999","FullText":null,"IsActive":true,"IsDeleted":false,"IsProcessed":false,"ProcessedDate":"2023-08-09T00:00:00","RowVersion":"d1da8901-c92c-d955-67dd-5de694e80aca","ScheduleName":"Daily SD Interest Computation.","StartDate":"2023-08-09T16:01:28.0989352+01:00","Tags":null,"UpdatedByUserId":null},"Valid":true}],"Result":2,"Success":true},"EventType":"ChevronCoopDbContext","Environment":{"UserName":"Nedum","MachineName":"DESKTOP-ISGM4LA","DomainName":"DESKTOP-ISGM4LA","CallingMethodName":"Audit.EntityFramework.DbContextHelper\u002B\u003CCreateAuditScopeAsync\u003Ed__31.MoveNext()","AssemblyName":"Audit.EntityFramework.Core, Version=21.0.1.0, Culture=neutral, PublicKeyToken=571d6b80b242c87e","Culture":"en-US"},"StartDate":"2023-08-09T15:01:29.0962085Z","EndDate":"2023-08-09T15:01:29.7173328Z","Duration":621}
[2023-08-09 16:02:36.901 +01:00  INF]  Start installing Hangfire SQL objects...
[2023-08-09 16:02:38.737 +01:00  INF]  Hangfire SQL objects installed.
[2023-08-09 16:02:42.370 +01:00  INF]  starting DbSeeder
[2023-08-09 16:02:53.475 +01:00  INF]  starting SeedCurrency
[2023-08-09 16:02:53.683 +01:00  INF]  starting SeedControlAccounts
[2023-08-09 16:03:07.159 +01:00  INF]  Ledger account FD_PROD_CHARGE_ACCRUAL_CONTROL not found
[2023-08-09 16:03:07.455 +01:00  INF]  Ledger account FD_ACC_CHARGE_ACCRUAL_CONTROL not found
[2023-08-09 16:03:07.594 +01:00  INF]  Ledger account FD_PROD_CHARGE_COLLECT_CONTROL not found
[2023-08-09 16:03:07.735 +01:00  INF]  Ledger account FD_ACC_CHARGE_COLLECT_CONTROL not found
[2023-08-09 16:03:08.799 +01:00  ERR]  {"EntityFrameworkEvent":{"Database":"chevroncoop-uat","ConnectionId":"26c8df4f-ffae-4ffa-bf65-40d3889a3d2d","ContextId":"0255d213-81ac-4e1a-9c92-339586c3f330:0","Entries":[{"Schema":"Security","Table":"ApplicationRole","Name":"ApplicationRole","PrimaryKey":{"Id":"b0a18901-8a4a-b684-a86a-7fcdf033f95d"},"Action":"Insert","ColumnValues":{"Id":"b0a18901-8a4a-b684-a86a-7fcdf033f95d","Code":"Regular","ConcurrencyStamp":null,"IsSystemRole":true,"Name":"Regular","NormalizedName":null},"Valid":true},{"Schema":"Security","Table":"ApplicationRole","Name":"ApplicationRole","PrimaryKey":{"Id":"b0a18901-8a4a-e929-b8d6-9af5b313461c"},"Action":"Insert","ColumnValues":{"Id":"b0a18901-8a4a-e929-b8d6-9af5b313461c","Code":"Retiree","ConcurrencyStamp":null,"IsSystemRole":true,"Name":"Retiree","NormalizedName":null},"Valid":true},{"Schema":"Accounting","Table":"LedgerAccount","Name":"LedgerAccount","PrimaryKey":{"Id":"01H7DD5B4WAFPB0RGBDX6SH7G0"},"Action":"Insert","ColumnValues":{"Id":"01H7DD5B4WAFPB0RGBDX6SH7G0","AccountType":7,"AllowManualEntry":true,"AvailableBalance":0,"Caption":null,"ClearedBalance":0,"ClosedByUserName":null,"Code":"FD_PROD_CHARGE_ACCRUAL_CONTROL","CreatedByUserId":null,"CurrencyId":"01H72MRT60BXG6APN9KXTD08NY","DateClosed":null,"DateCreated":"2023-08-09T16:03:07.1644891+01:00","DateDeleted":null,"DateUpdated":"2023-08-09T16:03:07.164493+01:00","DeletedByUserId":null,"Description":null,"FullText":null,"IsActive":true,"IsClosed":false,"IsDeleted":false,"IsOfficeAccount":true,"LedgerBalance":0,"Name":"FD_PROD_CHARGE_ACCRUAL_CONTROL","ParentId":null,"RowVersion":"d2da8901-9cac-51a4-544f-e92e2c2e8dad","Tags":null,"UOM":1,"UnclearedBalance":0,"UpdatedByUserId":null},"Valid":true},{"Schema":"Accounting","Table":"LedgerAccount","Name":"LedgerAccount","PrimaryKey":{"Id":"01H7DD5BE3YKV7Q59J89H6N13V"},"Action":"Insert","ColumnValues":{"Id":"01H7DD5BE3YKV7Q59J89H6N13V","AccountType":7,"AllowManualEntry":true,"AvailableBalance":0,"Caption":null,"ClearedBalance":0,"ClosedByUserName":null,"Code":"FD_ACC_CHARGE_ACCRUAL_CONTROL","CreatedByUserId":null,"CurrencyId":"01H72MRT60BXG6APN9KXTD08NY","DateClosed":null,"DateCreated":"2023-08-09T16:03:07.459607+01:00","DateDeleted":null,"DateUpdated":"2023-08-09T16:03:07.459611+01:00","DeletedByUserId":null,"Description":null,"FullText":null,"IsActive":true,"IsClosed":false,"IsDeleted":false,"IsOfficeAccount":true,"LedgerBalance":0,"Name":"FD_ACC_CHARGE_ACCRUAL_CONTROL","ParentId":null,"RowVersion":"d2da8901-c3ad-3ea7-5897-009aa0d08654","Tags":null,"UOM":1,"UnclearedBalance":0,"UpdatedByUserId":null},"Valid":true},{"Schema":"Accounting","Table":"LedgerAccount","Name":"LedgerAccount","PrimaryKey":{"Id":"01H7DD5BJF4JWBY4SFBYC947RV"},"Action":"Insert","ColumnValues":{"Id":"01H7DD5BJF4JWBY4SFBYC947RV","AccountType":7,"AllowManualEntry":true,"AvailableBalance":0,"Caption":null,"ClearedBalance":0,"ClosedByUserName":null,"Code":"FD_PROD_CHARGE_COLLECT_CONTROL","CreatedByUserId":null,"CurrencyId":"01H72MRT60BXG6APN9KXTD08NY","DateClosed":null,"DateCreated":"2023-08-09T16:03:07.5996189+01:00","DateDeleted":null,"DateUpdated":"2023-08-09T16:03:07.5996236+01:00","DeletedByUserId":null,"Description":null,"FullText":null,"IsActive":true,"IsClosed":false,"IsDeleted":false,"IsOfficeAccount":true,"LedgerBalance":0,"Name":"FD_PROD_CHARGE_COLLECT_CONTROL","ParentId":null,"RowVersion":"d2da8901-4fae-c3ad-8546-e18a973ee643","Tags":null,"UOM":1,"UnclearedBalance":0,"UpdatedByUserId":null},"Valid":true},{"Schema":"Accounting","Table":"LedgerAccount","Name":"LedgerAccount","PrimaryKey":{"Id":"01H7DD5BPV4X2CK8B15MRCNPAY"},"Action":"Insert","ColumnValues":{"Id":"01H7DD5BPV4X2CK8B15MRCNPAY","AccountType":7,"AllowManualEntry":true,"AvailableBalance":0,"Caption":null,"ClearedBalance":0,"ClosedByUserName":null,"Code":"FD_ACC_CHARGE_COLLECT_CONTROL","CreatedByUserId":null,"CurrencyId":"01H72MRT60BXG6APN9KXTD08NY","DateClosed":null,"DateCreated":"2023-08-09T16:03:07.739782+01:00","DateDeleted":null,"DateUpdated":"2023-08-09T16:03:07.7398361+01:00","DeletedByUserId":null,"Description":null,"FullText":null,"IsActive":true,"IsClosed":false,"IsDeleted":false,"IsOfficeAccount":true,"LedgerBalance":0,"Name":"FD_ACC_CHARGE_COLLECT_CONTROL","ParentId":null,"RowVersion":"d2da8901-dbae-0097-34a9-e0e0d70a495f","Tags":null,"UOM":1,"UnclearedBalance":0,"UpdatedByUserId":null},"Valid":true}],"Result":0,"Success":false,"ErrorMessage":"Microsoft.EntityFrameworkCore.DbUpdateException: An error occurred while saving the entity changes. See the inner exception for details.\r\n ---\u003E Microsoft.Data.SqlClient.SqlException (0x80131904): Violation of PRIMARY KEY constraint \u0027PK_ApplicationRole\u0027. Cannot insert duplicate key in object \u0027Security.ApplicationRole\u0027. The duplicate key value is (b0a18901-8a4a-b684-a86a-7fcdf033f95d).\r\nThe statement has been terminated.\r\n   at Microsoft.Data.SqlClient.SqlCommand.\u003C\u003Ec.\u003CExecuteDbDataReaderAsync\u003Eb__208_0(Task\u00601 result)\r\n   at System.Threading.Tasks.ContinuationResultTaskFromResultTask\u00602.InnerInvoke()\r\n   at System.Threading.ExecutionContext.RunInternal(ExecutionContext executionContext, ContextCallback callback, Object state)\r\n--- End of stack trace from previous location ---\r\n   at System.Threading.ExecutionContext.RunInternal(ExecutionContext executionContext, ContextCallback callback, Object state)\r\n   at System.Threading.Tasks.Task.ExecuteWithThreadLocal(Task\u0026 currentTaskSlot, Thread threadPoolThread)\r\n--- End of stack trace from previous location ---\r\n   at Microsoft.EntityFrameworkCore.Storage.RelationalCommand.ExecuteReaderAsync(RelationalCommandParameterObject parameterObject, CancellationToken cancellationToken)\r\n   at Microsoft.EntityFrameworkCore.Storage.RelationalCommand.ExecuteReaderAsync(RelationalCommandParameterObject parameterObject, CancellationToken cancellationToken)\r\n   at Microsoft.EntityFrameworkCore.Update.ReaderModificationCommandBatch.ExecuteAsync(IRelationalConnection connection, CancellationToken cancellationToken)\r\nClientConnectionId:26c8df4f-ffae-4ffa-bf65-40d3889a3d2d\r\nError Number:2627,State:1,Class:14\r\n   --- End of inner exception stack trace ---\r\n   at Microsoft.EntityFrameworkCore.Update.ReaderModificationCommandBatch.ExecuteAsync(IRelationalConnection connection, CancellationToken cancellationToken)\r\n   at Microsoft.EntityFrameworkCore.SqlServer.Update.Internal.SqlServerModificationCommandBatch.ExecuteAsync(IRelationalConnection connection, CancellationToken cancellationToken)\r\n   at Microsoft.EntityFrameworkCore.Update.Internal.BatchExecutor.ExecuteAsync(IEnumerable\u00601 commandBatches, IRelationalConnection connection, CancellationToken cancellationToken)\r\n   at Microsoft.EntityFrameworkCore.Update.Internal.BatchExecutor.ExecuteAsync(IEnumerable\u00601 commandBatches, IRelationalConnection connection, CancellationToken cancellationToken)\r\n   at Microsoft.EntityFrameworkCore.Update.Internal.BatchExecutor.ExecuteAsync(IEnumerable\u00601 commandBatches, IRelationalConnection connection, CancellationToken cancellationToken)\r\n   at Microsoft.EntityFrameworkCore.ChangeTracking.Internal.StateManager.SaveChangesAsync(IList\u00601 entriesToSave, CancellationToken cancellationToken)\r\n   at Microsoft.EntityFrameworkCore.ChangeTracking.Internal.StateManager.SaveChangesAsync(StateManager stateManager, Boolean acceptAllChangesOnSuccess, CancellationToken cancellationToken)\r\n   at Microsoft.EntityFrameworkCore.SqlServer.Storage.Internal.SqlServerExecutionStrategy.ExecuteAsync[TState,TResult](TState state, Func\u00604 operation, Func\u00604 verifySucceeded, CancellationToken cancellationToken)\r\n   at Microsoft.EntityFrameworkCore.DbContext.SaveChangesAsync(Boolean acceptAllChangesOnSuccess, CancellationToken cancellationToken)\r\n   at Microsoft.EntityFrameworkCore.DbContext.SaveChangesAsync(Boolean acceptAllChangesOnSuccess, CancellationToken cancellationToken)\r\n   at Audit.EntityFramework.DbContextHelper.SaveChangesGetAuditAsyncImpl(IAuditDbContext context, Func\u00601 baseSaveChanges, CancellationToken cancellationToken)"},"EventType":"ChevronCoopDbContext","Environment":{"UserName":"Nedum","MachineName":"DESKTOP-ISGM4LA","DomainName":"DESKTOP-ISGM4LA","CallingMethodName":"Audit.EntityFramework.DbContextHelper\u002B\u003CCreateAuditScopeAsync\u003Ed__31.MoveNext()","AssemblyName":"Audit.EntityFramework.Core, Version=21.0.1.0, Culture=neutral, PublicKeyToken=571d6b80b242c87e","Exception":"COMException: 0xE0434352","Culture":"en-US"},"StartDate":"2023-08-09T15:03:08.0640214Z","EndDate":"2023-08-09T15:03:08.7138543Z","Duration":650}
[2023-08-09 16:03:08.901 +01:00  ERR]  An error occurred while saving the entity changes. See the inner exception for details.
Microsoft.EntityFrameworkCore.DbUpdateException: An error occurred while saving the entity changes. See the inner exception for details.
 ---> Microsoft.Data.SqlClient.SqlException (0x80131904): Violation of PRIMARY KEY constraint 'PK_ApplicationRole'. Cannot insert duplicate key in object 'Security.ApplicationRole'. The duplicate key value is (b0a18901-8a4a-b684-a86a-7fcdf033f95d).
The statement has been terminated.
   at Microsoft.Data.SqlClient.SqlCommand.<>c.<ExecuteDbDataReaderAsync>b__208_0(Task`1 result)
   at System.Threading.Tasks.ContinuationResultTaskFromResultTask`2.InnerInvoke()
   at System.Threading.ExecutionContext.RunInternal(ExecutionContext executionContext, ContextCallback callback, Object state)
--- End of stack trace from previous location ---
   at System.Threading.ExecutionContext.RunInternal(ExecutionContext executionContext, ContextCallback callback, Object state)
   at System.Threading.Tasks.Task.ExecuteWithThreadLocal(Task& currentTaskSlot, Thread threadPoolThread)
--- End of stack trace from previous location ---
   at Microsoft.EntityFrameworkCore.Storage.RelationalCommand.ExecuteReaderAsync(RelationalCommandParameterObject parameterObject, CancellationToken cancellationToken)
   at Microsoft.EntityFrameworkCore.Storage.RelationalCommand.ExecuteReaderAsync(RelationalCommandParameterObject parameterObject, CancellationToken cancellationToken)
   at Microsoft.EntityFrameworkCore.Update.ReaderModificationCommandBatch.ExecuteAsync(IRelationalConnection connection, CancellationToken cancellationToken)
ClientConnectionId:26c8df4f-ffae-4ffa-bf65-40d3889a3d2d
Error Number:2627,State:1,Class:14
   --- End of inner exception stack trace ---
   at Microsoft.EntityFrameworkCore.Update.ReaderModificationCommandBatch.ExecuteAsync(IRelationalConnection connection, CancellationToken cancellationToken)
   at Microsoft.EntityFrameworkCore.SqlServer.Update.Internal.SqlServerModificationCommandBatch.ExecuteAsync(IRelationalConnection connection, CancellationToken cancellationToken)
   at Microsoft.EntityFrameworkCore.Update.Internal.BatchExecutor.ExecuteAsync(IEnumerable`1 commandBatches, IRelationalConnection connection, CancellationToken cancellationToken)
   at Microsoft.EntityFrameworkCore.Update.Internal.BatchExecutor.ExecuteAsync(IEnumerable`1 commandBatches, IRelationalConnection connection, CancellationToken cancellationToken)
   at Microsoft.EntityFrameworkCore.Update.Internal.BatchExecutor.ExecuteAsync(IEnumerable`1 commandBatches, IRelationalConnection connection, CancellationToken cancellationToken)
   at Microsoft.EntityFrameworkCore.ChangeTracking.Internal.StateManager.SaveChangesAsync(IList`1 entriesToSave, CancellationToken cancellationToken)
   at Microsoft.EntityFrameworkCore.ChangeTracking.Internal.StateManager.SaveChangesAsync(StateManager stateManager, Boolean acceptAllChangesOnSuccess, CancellationToken cancellationToken)
   at Microsoft.EntityFrameworkCore.SqlServer.Storage.Internal.SqlServerExecutionStrategy.ExecuteAsync[TState,TResult](TState state, Func`4 operation, Func`4 verifySucceeded, CancellationToken cancellationToken)
   at Microsoft.EntityFrameworkCore.DbContext.SaveChangesAsync(Boolean acceptAllChangesOnSuccess, CancellationToken cancellationToken)
   at Microsoft.EntityFrameworkCore.DbContext.SaveChangesAsync(Boolean acceptAllChangesOnSuccess, CancellationToken cancellationToken)
   at Audit.EntityFramework.DbContextHelper.SaveChangesGetAuditAsyncImpl(IAuditDbContext context, Func`1 baseSaveChanges, CancellationToken cancellationToken)
   at Audit.EntityFramework.DbContextHelper.SaveChangesGetAuditAsyncImpl(IAuditDbContext context, Func`1 baseSaveChanges, CancellationToken cancellationToken)
   at Audit.EntityFramework.DbContextHelper.SaveChangesAsync(IAuditDbContext context, Func`1 baseSaveChanges, CancellationToken cancellationToken)
   at Audit.EntityFramework.AuditIdentityDbContext`8.SaveChangesAsync(CancellationToken cancellationToken)
   at AP.ChevronCoop.AppCore.Services.Seeder.DbSeeder.StartAsync(CancellationToken cancellationToken) in C:\Projects\AP\Repos\ChevronCoopDotnetCore\ChevronCoopDotnetCore\AP.ChevronCoop.AppCore\Services\Seeder\DbSeeder.cs:line 66
[2023-08-09 16:03:09.065 +01:00  INF]  Starting Hangfire Server using job storage: 'SQL Server: tcp:chevroncoop-sqlserver.database.windows.net,1433@chevroncoop-uat'
[2023-08-09 16:03:09.071 +01:00  INF]  Using the following options for SQL Server job storage: Queue poll interval: 00:00:00.
[2023-08-09 16:03:09.078 +01:00  INF]  Using the following options for Hangfire Server:
    Worker count: 20
    Listening queues: 'default'
    Shutdown timeout: 00:00:15
    Schedule polling interval: 00:00:15
[2023-08-09 16:03:09.289 +01:00  INF]  Server desktop-isgm4la:30416:e0ac6d74 successfully announced in 169.7108 ms
[2023-08-09 16:03:09.306 +01:00  INF]  Server desktop-isgm4la:30416:e0ac6d74 is starting the registered dispatchers: ServerWatchdog, ServerJobCancellationWatcher, ExpirationManager, CountersAggregator, SqlServerHeartbeatProcess, Worker, DelayedJobScheduler, RecurringJobScheduler...
[2023-08-09 16:03:09.650 +01:00  INF]  Server desktop-isgm4la:30416:e0ac6d74 all the dispatchers started
[2023-08-09 16:06:50.122 +01:00  INF]  {"EntityFrameworkEvent":{"Database":"chevroncoop-uat","ConnectionId":"26c8df4f-ffae-4ffa-bf65-40d3889a3d2d","ContextId":"b20c2157-f6af-41a2-b40c-7f83725c202e:0","Entries":[{"Schema":"Security","Table":"Approval","Name":"Approval","PrimaryKey":{"Id":"01H7AW632DZ75YDTQEF71SEV0K"},"Action":"Update","Changes":[{"ColumnName":"ApprovalType","OriginalValue":26,"NewValue":26},{"ColumnName":"ApprovalViewModelPayload","NewValue":"{\u0022ApprovalId\u0022:\u002201H7AW632DZ75YDTQEF71SEV0K\u0022,\u0022Status\u0022:2,\u0022ApprovalPartialViews\u0022:[{\u0022ViewId\u0022:1,\u0022Title\u0022:\u0022Loan Disbursement Request(18000)\u0022,\u0022Children\u0022:[{\u0022FieldLabel\u0022:\u0022Disbursement Amount\u0022,\u0022FieldValue\u0022:\u0022200,000.00\u0022,\u0022IsFileDownload\u0022:false},{\u0022FieldLabel\u0022:\u0022Disbursement Mode\u0022,\u0022FieldValue\u0022:\u0022BANK_TRANSFER\u0022,\u0022IsFileDownload\u0022:false},{\u0022FieldLabel\u0022:\u0022Disbursement Date\u0022,\u0022FieldValue\u0022:\u0022Tuesday, 08 August 2023\u0022,\u0022IsFileDownload\u0022:false}],\u0022IsTabularView\u0022:false,\u0022IsMultipleFields\u0022:false,\u0022ChildRows\u0022:[],\u0022FieldHeaders\u0022:[]},{\u0022ViewId\u0022:2,\u0022Title\u0022:\u0022Customer Loan Operational Accounts\u0022,\u0022Children\u0022:[{\u0022FieldLabel\u0022:\u0022Disbursement Account\u0022,\u0022FieldValue\u0022:\u0022Disbursement Account(7654356789)\u0022,\u0022IsFileDownload\u0022:false},{\u0022FieldLabel\u0022:\u0022Customer Bank Account\u0022,\u0022FieldValue\u0022:\u0022Customer Bank Account(9876545678)\u0022,\u0022IsFileDownload\u0022:false}],\u0022IsTabularView\u0022:false,\u0022IsMultipleFields\u0022:false,\u0022ChildRows\u0022:[],\u0022FieldHeaders\u0022:[]},{\u0022ViewId\u0022:3,\u0022Title\u0022:\u0022Loan Disbursement Charges\u0022,\u0022Children\u0022:[],\u0022IsTabularView\u0022:true,\u0022IsMultipleFields\u0022:false,\u0022ChildRows\u0022:[{\u0022FieldSN\u0022:1,\u0022FieldLabel\u0022:\u0022LOAN_DISBURSEMENT\u0022,\u0022FieldValue\u0022:\u0022LOAN_DISBURSEMENT(5,000.00)\u0022,\u0022FieldValue2\u0022:null,\u0022FieldValue3\u0022:null,\u0022FieldValue4\u0022:null,\u0022FieldValue5\u0022:null,\u0022FieldValue6\u0022:null,\u0022FieldValue7\u0022:null,\u0022FieldValue8\u0022:null,\u0022FieldValue9\u0022:null,\u0022FieldValue10\u0022:null}],\u0022FieldHeaders\u0022:[]},{\u0022ViewId\u0022:0,\u0022Title\u0022:null,\u0022Children\u0022:[],\u0022IsTabularView\u0022:false,\u0022IsMultipleFields\u0022:false,\u0022ChildRows\u0022:[],\u0022FieldHeaders\u0022:[]},{\u0022ViewId\u0022:4,\u0022Title\u0022:\u0022Customer Details\u0022,\u0022Children\u0022:[{\u0022FieldLabel\u0022:\u0022Name\u0022,\u0022FieldValue\u0022:\u0022Lily  Vida\u0022,\u0022IsFileDownload\u0022:false},{\u0022FieldLabel\u0022:\u0022Contact Number\u0022,\u0022FieldValue\u0022:\u0022\\u002B2348096474849\u0022,\u0022IsFileDownload\u0022:false},{\u0022FieldLabel\u0022:\u0022Email\u0022,\u0022FieldValue\u0022:\u0022vida.lily@yopmail.com\u0022,\u0022IsFileDownload\u0022:false},{\u0022FieldLabel\u0022:\u0022Member Type\u0022,\u0022FieldValue\u0022:\u0022RETIREE\u0022,\u0022IsFileDownload\u0022:false},{\u0022FieldLabel\u0022:\u0022Member ID\u0022,\u0022FieldValue\u0022:\u00229876534\u0022,\u0022IsFileDownload\u0022:false}],\u0022IsTabularView\u0022:false,\u0022IsMultipleFields\u0022:false,\u0022ChildRows\u0022:[],\u0022FieldHeaders\u0022:[]}]}"},{"ColumnName":"ApprovalWorkflowId","OriginalValue":"01H72TDWT69G85NKHYNAA3XM4B","NewValue":"01H72TDWT69G85NKHYNAA3XM4B"},{"ColumnName":"Caption"},{"ColumnName":"Comment","OriginalValue":"string","NewValue":"string"},{"ColumnName":"CreatedByUserId","OriginalValue":"76c68901-b6ef-6ba4-58bf-363ecea48f79","NewValue":"76c68901-b6ef-6ba4-58bf-363ecea48f79"},{"ColumnName":"CurrentSequence","OriginalValue":0,"NewValue":0},{"ColumnName":"DateCreated","OriginalValue":"2023-08-08T16:27:57.0054585+01:00","NewValue":"2023-08-08T16:27:57.0054585+01:00"},{"ColumnName":"DateDeleted"},{"ColumnName":"DateUpdated","OriginalValue":"2023-08-08T16:29:34.2595733+01:00","NewValue":"2023-08-08T16:29:34.2595733+01:00"},{"ColumnName":"DeletedByUserId"},{"ColumnName":"Description","OriginalValue":"Loan Disbursement Topup - Lily  Vida (18000)","NewValue":"Loan Disbursement Topup - Lily  Vida (18000)"},{"ColumnName":"EntityId","OriginalValue":"01H7AW61ZMFJMXN79PVSHEGXBA","NewValue":"01H7AW61ZMFJMXN79PVSHEGXBA"},{"ColumnName":"FullText"},{"ColumnName":"IsActive","OriginalValue":true,"NewValue":true},{"ColumnName":"IsApprovalCompleted","OriginalValue":true,"NewValue":true},{"ColumnName":"IsDeleted","OriginalValue":false,"NewValue":false},{"ColumnName":"Module","OriginalValue":"LoanTopupDisbursement","NewValue":"LoanTopupDisbursement"},{"ColumnName":"Payload","OriginalValue":"\u002201H7AW61ZMFJMXN79PVSHEGXBA\u0022","NewValue":"\u002201H7AW61ZMFJMXN79PVSHEGXBA\u0022"},{"ColumnName":"RowVersion","OriginalValue":"c3d58901-4d0c-cd97-a641-1109e5b504be","NewValue":"c3d58901-4d0c-cd97-a641-1109e5b504be"},{"ColumnName":"Status","OriginalValue":4,"NewValue":4},{"ColumnName":"Tags"},{"ColumnName":"TriedCount","OriginalValue":1,"NewValue":1},{"ColumnName":"UpdatedByUserId","OriginalValue":"51c58901-73bf-e2af-75e7-4283b8986533","NewValue":"51c58901-73bf-e2af-75e7-4283b8986533"}],"ColumnValues":{"Id":"01H7AW632DZ75YDTQEF71SEV0K","ApprovalType":26,"ApprovalViewModelPayload":"{\u0022ApprovalId\u0022:\u002201H7AW632DZ75YDTQEF71SEV0K\u0022,\u0022Status\u0022:2,\u0022ApprovalPartialViews\u0022:[{\u0022ViewId\u0022:1,\u0022Title\u0022:\u0022Loan Disbursement Request(18000)\u0022,\u0022Children\u0022:[{\u0022FieldLabel\u0022:\u0022Disbursement Amount\u0022,\u0022FieldValue\u0022:\u0022200,000.00\u0022,\u0022IsFileDownload\u0022:false},{\u0022FieldLabel\u0022:\u0022Disbursement Mode\u0022,\u0022FieldValue\u0022:\u0022BANK_TRANSFER\u0022,\u0022IsFileDownload\u0022:false},{\u0022FieldLabel\u0022:\u0022Disbursement Date\u0022,\u0022FieldValue\u0022:\u0022Tuesday, 08 August 2023\u0022,\u0022IsFileDownload\u0022:false}],\u0022IsTabularView\u0022:false,\u0022IsMultipleFields\u0022:false,\u0022ChildRows\u0022:[],\u0022FieldHeaders\u0022:[]},{\u0022ViewId\u0022:2,\u0022Title\u0022:\u0022Customer Loan Operational Accounts\u0022,\u0022Children\u0022:[{\u0022FieldLabel\u0022:\u0022Disbursement Account\u0022,\u0022FieldValue\u0022:\u0022Disbursement Account(7654356789)\u0022,\u0022IsFileDownload\u0022:false},{\u0022FieldLabel\u0022:\u0022Customer Bank Account\u0022,\u0022FieldValue\u0022:\u0022Customer Bank Account(9876545678)\u0022,\u0022IsFileDownload\u0022:false}],\u0022IsTabularView\u0022:false,\u0022IsMultipleFields\u0022:false,\u0022ChildRows\u0022:[],\u0022FieldHeaders\u0022:[]},{\u0022ViewId\u0022:3,\u0022Title\u0022:\u0022Loan Disbursement Charges\u0022,\u0022Children\u0022:[],\u0022IsTabularView\u0022:true,\u0022IsMultipleFields\u0022:false,\u0022ChildRows\u0022:[{\u0022FieldSN\u0022:1,\u0022FieldLabel\u0022:\u0022LOAN_DISBURSEMENT\u0022,\u0022FieldValue\u0022:\u0022LOAN_DISBURSEMENT(5,000.00)\u0022,\u0022FieldValue2\u0022:null,\u0022FieldValue3\u0022:null,\u0022FieldValue4\u0022:null,\u0022FieldValue5\u0022:null,\u0022FieldValue6\u0022:null,\u0022FieldValue7\u0022:null,\u0022FieldValue8\u0022:null,\u0022FieldValue9\u0022:null,\u0022FieldValue10\u0022:null}],\u0022FieldHeaders\u0022:[]},{\u0022ViewId\u0022:0,\u0022Title\u0022:null,\u0022Children\u0022:[],\u0022IsTabularView\u0022:false,\u0022IsMultipleFields\u0022:false,\u0022ChildRows\u0022:[],\u0022FieldHeaders\u0022:[]},{\u0022ViewId\u0022:4,\u0022Title\u0022:\u0022Customer Details\u0022,\u0022Children\u0022:[{\u0022FieldLabel\u0022:\u0022Name\u0022,\u0022FieldValue\u0022:\u0022Lily  Vida\u0022,\u0022IsFileDownload\u0022:false},{\u0022FieldLabel\u0022:\u0022Contact Number\u0022,\u0022FieldValue\u0022:\u0022\\u002B2348096474849\u0022,\u0022IsFileDownload\u0022:false},{\u0022FieldLabel\u0022:\u0022Email\u0022,\u0022FieldValue\u0022:\u0022vida.lily@yopmail.com\u0022,\u0022IsFileDownload\u0022:false},{\u0022FieldLabel\u0022:\u0022Member Type\u0022,\u0022FieldValue\u0022:\u0022RETIREE\u0022,\u0022IsFileDownload\u0022:false},{\u0022FieldLabel\u0022:\u0022Member ID\u0022,\u0022FieldValue\u0022:\u00229876534\u0022,\u0022IsFileDownload\u0022:false}],\u0022IsTabularView\u0022:false,\u0022IsMultipleFields\u0022:false,\u0022ChildRows\u0022:[],\u0022FieldHeaders\u0022:[]}]}","ApprovalWorkflowId":"01H72TDWT69G85NKHYNAA3XM4B","Caption":null,"Comment":"string","CreatedByUserId":"76c68901-b6ef-6ba4-58bf-363ecea48f79","CurrentSequence":0,"DateCreated":"2023-08-08T16:27:57.0054585+01:00","DateDeleted":null,"DateUpdated":"2023-08-08T16:29:34.2595733+01:00","DeletedByUserId":null,"Description":"Loan Disbursement Topup - Lily  Vida (18000)","EntityId":"01H7AW61ZMFJMXN79PVSHEGXBA","FullText":null,"IsActive":true,"IsApprovalCompleted":true,"IsDeleted":false,"Module":"LoanTopupDisbursement","Payload":"\u002201H7AW61ZMFJMXN79PVSHEGXBA\u0022","RowVersion":"c3d58901-4d0c-cd97-a641-1109e5b504be","Status":4,"Tags":null,"TriedCount":1,"UpdatedByUserId":"51c58901-73bf-e2af-75e7-4283b8986533"},"Valid":true}],"Result":1,"Success":true},"EventType":"ChevronCoopDbContext","Environment":{"UserName":"Nedum","MachineName":"DESKTOP-ISGM4LA","DomainName":"DESKTOP-ISGM4LA","CallingMethodName":"AP.ChevronCoop.AppCore.Services.ApprovalServices.ApprovalFactory.ApprovalDetailFactory.UpdateApproval()","AssemblyName":"AP.ChevronCoop.AppCore, Version=1.0.0.0, Culture=neutral, PublicKeyToken=null","Culture":"en-US"},"StartDate":"2023-08-09T15:06:49.9564573Z","EndDate":"2023-08-09T15:06:50.1172027Z","Duration":161}
[2023-08-09 16:15:25.823 +01:00  INF]  Start installing Hangfire SQL objects...
[2023-08-09 16:15:27.605 +01:00  INF]  Hangfire SQL objects installed.
[2023-08-09 16:15:30.876 +01:00  INF]  starting DbSeeder
[2023-08-09 16:15:39.134 +01:00  INF]  starting SeedCurrency
[2023-08-09 16:15:39.317 +01:00  INF]  starting SeedControlAccounts
[2023-08-09 16:15:52.247 +01:00  INF]  Starting Hangfire Server using job storage: 'SQL Server: tcp:chevroncoop-sqlserver.database.windows.net,1433@chevroncoop-dev'
[2023-08-09 16:15:52.253 +01:00  INF]  Using the following options for SQL Server job storage: Queue poll interval: 00:00:00.
[2023-08-09 16:15:52.259 +01:00  INF]  Using the following options for Hangfire Server:
    Worker count: 20
    Listening queues: 'default'
    Shutdown timeout: 00:00:15
    Schedule polling interval: 00:00:15
[2023-08-09 16:15:52.282 +01:00  DBG]  Execution loop BackgroundServerProcess:8628548a has started in 9.4505 ms
[2023-08-09 16:15:52.447 +01:00  INF]  Server desktop-isgm4la:11864:a8020c6f successfully announced in 153.9226 ms
[2023-08-09 16:15:52.459 +01:00  INF]  Server desktop-isgm4la:11864:a8020c6f is starting the registered dispatchers: ServerWatchdog, ServerJobCancellationWatcher, ExpirationManager, CountersAggregator, SqlServerHeartbeatProcess, Worker, DelayedJobScheduler, RecurringJobScheduler...
[2023-08-09 16:15:52.459 +01:00  DBG]  Execution loop ServerHeartbeatProcess:045dc5f1 has started in 5.616 ms
[2023-08-09 16:15:52.472 +01:00  DBG]  Execution loop ServerWatchdog:ac07e744 has started in 6.844 ms
[2023-08-09 16:15:52.482 +01:00  DBG]  Execution loop ServerJobCancellationWatcher:5c5de97d has started in 12.1541 ms
[2023-08-09 16:15:52.491 +01:00  DBG]  Execution loop ExpirationManager:dbb40e50 has started in 14.1861 ms
[2023-08-09 16:15:52.504 +01:00  DBG]  Execution loop CountersAggregator:77b28730 has started in 17.5984 ms
[2023-08-09 16:15:52.515 +01:00  DBG]  Execution loop SqlServerHeartbeatProcess:110ffd25 has started in 17.6058 ms
[2023-08-09 16:15:52.517 +01:00  DBG]  Removing outdated records from the 'AggregatedCounter' table...
[2023-08-09 16:15:52.521 +01:00  DBG]  Aggregating records in 'Counter' table...
[2023-08-09 16:15:52.538 +01:00  DBG]  Execution loop Worker:8b4e6e49 has started in 28.2778 ms
[2023-08-09 16:15:52.560 +01:00  DBG]  Execution loop Worker:905feb9a has started in 47.7444 ms
[2023-08-09 16:15:52.566 +01:00  DBG]  Execution loop Worker:3df3dd45 has started in 56.2224 ms
[2023-08-09 16:15:52.602 +01:00  DBG]  Execution loop Worker:c40bd9bc has started in 92.696 ms
[2023-08-09 16:15:52.639 +01:00  INF]  2 servers were removed due to timeout
[2023-08-09 16:15:52.639 +01:00  DBG]  Execution loop Worker:4c44c2c4 has started in 129.213 ms
[2023-08-09 16:15:52.655 +01:00  DBG]  Execution loop Worker:95cdf25d has started in 145.1143 ms
[2023-08-09 16:15:52.683 +01:00  DBG]  Execution loop Worker:d9866832 has started in 173.7193 ms
[2023-08-09 16:15:52.698 +01:00  DBG]  Execution loop Worker:f34f14b5 has started in 187.0965 ms
[2023-08-09 16:15:52.714 +01:00  DBG]  Execution loop Worker:493b3dbd has started in 204.7987 ms
[2023-08-09 16:15:52.734 +01:00  DBG]  Execution loop Worker:32c431c3 has started in 224.3374 ms
[2023-08-09 16:15:52.734 +01:00  DBG]  Execution loop Worker:27ed6425 has started in 224.3321 ms
[2023-08-09 16:15:52.750 +01:00  DBG]  Execution loop Worker:3c295aee has started in 240.7342 ms
[2023-08-09 16:15:52.760 +01:00  DBG]  Execution loop Worker:21ce943d has started in 250.5525 ms
[2023-08-09 16:15:52.772 +01:00  DBG]  Execution loop Worker:33924147 has started in 261.9811 ms
[2023-08-09 16:15:52.781 +01:00  DBG]  Execution loop Worker:b18f7b65 has started in 270.8461 ms
[2023-08-09 16:15:52.797 +01:00  DBG]  Execution loop Worker:75c31fc6 has started in 286.9738 ms
[2023-08-09 16:15:52.807 +01:00  DBG]  Execution loop Worker:7071e27c has started in 296.2331 ms
[2023-08-09 16:15:52.825 +01:00  DBG]  Execution loop Worker:a0d6b6f5 has started in 314.9114 ms
[2023-08-09 16:15:52.832 +01:00  DBG]  Execution loop Worker:80e746cd has started in 322.5546 ms
[2023-08-09 16:15:52.854 +01:00  DBG]  Execution loop Worker:601ccf07 has started in 344.1353 ms
[2023-08-09 16:15:52.867 +01:00  DBG]  Execution loop DelayedJobScheduler:02902c2c has started in 22.7659 ms
[2023-08-09 16:15:52.871 +01:00  INF]  Server desktop-isgm4la:11864:a8020c6f all the dispatchers started
[2023-08-09 16:15:52.886 +01:00  DBG]  Execution loop RecurringJobScheduler:5b287c54 has started in 32.0454 ms
[2023-08-09 16:15:53.701 +01:00  DBG]  Removing outdated records from the 'Job' table...
[2023-08-09 16:15:54.631 +01:00  DBG]  Removing outdated records from the 'List' table...
[2023-08-09 16:15:55.299 +01:00  DBG]  Removing outdated records from the 'Set' table...
[2023-08-09 16:15:55.702 +01:00  DBG]  Removing outdated records from the 'Hash' table...
